mode: count
E:\At2plus\tfs-dev-env\fabric\chaincode-court-file-cert\chaincode\main.go:121.13,124.16 2 0
E:\At2plus\tfs-dev-env\fabric\chaincode-court-file-cert\chaincode\main.go:124.16,126.3 1 0
E:\At2plus\tfs-dev-env\fabric\chaincode-court-file-cert\chaincode\main.go:130.85,133.2 2 1
E:\At2plus\tfs-dev-env\fabric\chaincode-court-file-cert\chaincode\main.go:136.87,140.29 2 18
E:\At2plus\tfs-dev-env\fabric\chaincode-court-file-cert\chaincode\main.go:160.2,161.36 2 0
E:\At2plus\tfs-dev-env\fabric\chaincode-court-file-cert\chaincode\main.go:140.29,142.3 1 10
E:\At2plus\tfs-dev-env\fabric\chaincode-court-file-cert\chaincode\main.go:142.8,142.36 1 8
E:\At2plus\tfs-dev-env\fabric\chaincode-court-file-cert\chaincode\main.go:142.36,144.3 1 1
E:\At2plus\tfs-dev-env\fabric\chaincode-court-file-cert\chaincode\main.go:144.8,144.41 1 7
E:\At2plus\tfs-dev-env\fabric\chaincode-court-file-cert\chaincode\main.go:144.41,146.3 1 1
E:\At2plus\tfs-dev-env\fabric\chaincode-court-file-cert\chaincode\main.go:146.8,146.35 1 6
E:\At2plus\tfs-dev-env\fabric\chaincode-court-file-cert\chaincode\main.go:146.35,148.3 1 1
E:\At2plus\tfs-dev-env\fabric\chaincode-court-file-cert\chaincode\main.go:148.8,148.38 1 5
E:\At2plus\tfs-dev-env\fabric\chaincode-court-file-cert\chaincode\main.go:148.38,150.3 1 1
E:\At2plus\tfs-dev-env\fabric\chaincode-court-file-cert\chaincode\main.go:150.8,150.34 1 4
E:\At2plus\tfs-dev-env\fabric\chaincode-court-file-cert\chaincode\main.go:150.34,152.3 1 1
E:\At2plus\tfs-dev-env\fabric\chaincode-court-file-cert\chaincode\main.go:152.8,152.50 1 3
E:\At2plus\tfs-dev-env\fabric\chaincode-court-file-cert\chaincode\main.go:152.50,154.3 1 1
E:\At2plus\tfs-dev-env\fabric\chaincode-court-file-cert\chaincode\main.go:154.8,154.33 1 2
E:\At2plus\tfs-dev-env\fabric\chaincode-court-file-cert\chaincode\main.go:154.33,156.3 1 1
E:\At2plus\tfs-dev-env\fabric\chaincode-court-file-cert\chaincode\main.go:156.8,156.50 1 1
E:\At2plus\tfs-dev-env\fabric\chaincode-court-file-cert\chaincode\main.go:156.50,158.3 1 1
E:\At2plus\tfs-dev-env\fabric\chaincode-court-file-cert\chaincode\main.go:170.105,172.20 1 10
E:\At2plus\tfs-dev-env\fabric\chaincode-court-file-cert\chaincode\main.go:176.2,184.16 6 10
E:\At2plus\tfs-dev-env\fabric\chaincode-court-file-cert\chaincode\main.go:188.2,188.23 1 10
E:\At2plus\tfs-dev-env\fabric\chaincode-court-file-cert\chaincode\main.go:192.2,194.16 2 10
E:\At2plus\tfs-dev-env\fabric\chaincode-court-file-cert\chaincode\main.go:197.2,203.14 5 10
E:\At2plus\tfs-dev-env\fabric\chaincode-court-file-cert\chaincode\main.go:207.2,211.32 3 10
E:\At2plus\tfs-dev-env\fabric\chaincode-court-file-cert\chaincode\main.go:286.2,288.36 2 9
E:\At2plus\tfs-dev-env\fabric\chaincode-court-file-cert\chaincode\main.go:172.20,174.3 1 0
E:\At2plus\tfs-dev-env\fabric\chaincode-court-file-cert\chaincode\main.go:184.16,186.3 1 0
E:\At2plus\tfs-dev-env\fabric\chaincode-court-file-cert\chaincode\main.go:188.23,190.3 1 0
E:\At2plus\tfs-dev-env\fabric\chaincode-court-file-cert\chaincode\main.go:194.16,196.3 1 0
E:\At2plus\tfs-dev-env\fabric\chaincode-court-file-cert\chaincode\main.go:203.14,205.3 1 0
E:\At2plus\tfs-dev-env\fabric\chaincode-court-file-cert\chaincode\main.go:211.32,217.32 3 1
E:\At2plus\tfs-dev-env\fabric\chaincode-court-file-cert\chaincode\main.go:221.3,221.71 1 1
E:\At2plus\tfs-dev-env\fabric\chaincode-court-file-cert\chaincode\main.go:225.3,227.17 2 1
E:\At2plus\tfs-dev-env\fabric\chaincode-court-file-cert\chaincode\main.go:231.3,233.17 2 1
E:\At2plus\tfs-dev-env\fabric\chaincode-court-file-cert\chaincode\main.go:217.32,219.4 1 0
E:\At2plus\tfs-dev-env\fabric\chaincode-court-file-cert\chaincode\main.go:221.71,223.4 1 0
E:\At2plus\tfs-dev-env\fabric\chaincode-court-file-cert\chaincode\main.go:227.17,229.4 1 0
E:\At2plus\tfs-dev-env\fabric\chaincode-court-file-cert\chaincode\main.go:233.17,235.4 1 0
E:\At2plus\tfs-dev-env\fabric\chaincode-court-file-cert\chaincode\main.go:236.8,240.21 2 9
E:\At2plus\tfs-dev-env\fabric\chaincode-court-file-cert\chaincode\main.go:244.3,252.32 5 9
E:\At2plus\tfs-dev-env\fabric\chaincode-court-file-cert\chaincode\main.go:256.3,256.71 1 9
E:\At2plus\tfs-dev-env\fabric\chaincode-court-file-cert\chaincode\main.go:260.3,262.17 2 8
E:\At2plus\tfs-dev-env\fabric\chaincode-court-file-cert\chaincode\main.go:266.3,267.15 2 8
E:\At2plus\tfs-dev-env\fabric\chaincode-court-file-cert\chaincode\main.go:271.3,273.17 2 8
E:\At2plus\tfs-dev-env\fabric\chaincode-court-file-cert\chaincode\main.go:277.3,279.34 2 8
E:\At2plus\tfs-dev-env\fabric\chaincode-court-file-cert\chaincode\main.go:283.3,283.94 1 8
E:\At2plus\tfs-dev-env\fabric\chaincode-court-file-cert\chaincode\main.go:240.21,242.4 1 0
E:\At2plus\tfs-dev-env\fabric\chaincode-court-file-cert\chaincode\main.go:252.32,254.4 1 0
E:\At2plus\tfs-dev-env\fabric\chaincode-court-file-cert\chaincode\main.go:256.71,258.4 1 1
E:\At2plus\tfs-dev-env\fabric\chaincode-court-file-cert\chaincode\main.go:262.17,264.4 1 0
E:\At2plus\tfs-dev-env\fabric\chaincode-court-file-cert\chaincode\main.go:267.15,269.4 1 0
E:\At2plus\tfs-dev-env\fabric\chaincode-court-file-cert\chaincode\main.go:273.17,275.4 1 0
E:\At2plus\tfs-dev-env\fabric\chaincode-court-file-cert\chaincode\main.go:279.34,281.4 1 0
E:\At2plus\tfs-dev-env\fabric\chaincode-court-file-cert\chaincode\main.go:297.105,299.20 1 1
E:\At2plus\tfs-dev-env\fabric\chaincode-court-file-cert\chaincode\main.go:302.2,307.16 4 1
E:\At2plus\tfs-dev-env\fabric\chaincode-court-file-cert\chaincode\main.go:311.2,317.16 4 1
E:\At2plus\tfs-dev-env\fabric\chaincode-court-file-cert\chaincode\main.go:323.2,325.40 2 1
E:\At2plus\tfs-dev-env\fabric\chaincode-court-file-cert\chaincode\main.go:299.20,301.3 1 0
E:\At2plus\tfs-dev-env\fabric\chaincode-court-file-cert\chaincode\main.go:307.16,309.3 1 0
E:\At2plus\tfs-dev-env\fabric\chaincode-court-file-cert\chaincode\main.go:317.16,319.3 1 0
E:\At2plus\tfs-dev-env\fabric\chaincode-court-file-cert\chaincode\main.go:319.8,319.37 1 1
E:\At2plus\tfs-dev-env\fabric\chaincode-court-file-cert\chaincode\main.go:319.37,321.3 1 0
E:\At2plus\tfs-dev-env\fabric\chaincode-court-file-cert\chaincode\main.go:335.110,337.20 1 1
E:\At2plus\tfs-dev-env\fabric\chaincode-court-file-cert\chaincode\main.go:340.2,346.16 5 1
E:\At2plus\tfs-dev-env\fabric\chaincode-court-file-cert\chaincode\main.go:349.2,354.16 4 1
E:\At2plus\tfs-dev-env\fabric\chaincode-court-file-cert\chaincode\main.go:358.2,362.44 3 1
E:\At2plus\tfs-dev-env\fabric\chaincode-court-file-cert\chaincode\main.go:366.2,368.38 2 0
E:\At2plus\tfs-dev-env\fabric\chaincode-court-file-cert\chaincode\main.go:337.20,339.3 1 0
E:\At2plus\tfs-dev-env\fabric\chaincode-court-file-cert\chaincode\main.go:346.16,348.3 1 0
E:\At2plus\tfs-dev-env\fabric\chaincode-court-file-cert\chaincode\main.go:354.16,356.3 1 0
E:\At2plus\tfs-dev-env\fabric\chaincode-court-file-cert\chaincode\main.go:362.44,364.3 1 1
E:\At2plus\tfs-dev-env\fabric\chaincode-court-file-cert\chaincode\main.go:379.119,381.20 1 1
E:\At2plus\tfs-dev-env\fabric\chaincode-court-file-cert\chaincode\main.go:384.2,390.16 5 1
E:\At2plus\tfs-dev-env\fabric\chaincode-court-file-cert\chaincode\main.go:393.2,397.16 4 1
E:\At2plus\tfs-dev-env\fabric\chaincode-court-file-cert\chaincode\main.go:401.2,405.61 3 1
E:\At2plus\tfs-dev-env\fabric\chaincode-court-file-cert\chaincode\main.go:409.2,411.38 2 0
E:\At2plus\tfs-dev-env\fabric\chaincode-court-file-cert\chaincode\main.go:381.20,383.3 1 0
E:\At2plus\tfs-dev-env\fabric\chaincode-court-file-cert\chaincode\main.go:390.16,392.3 1 0
E:\At2plus\tfs-dev-env\fabric\chaincode-court-file-cert\chaincode\main.go:397.16,399.3 1 0
E:\At2plus\tfs-dev-env\fabric\chaincode-court-file-cert\chaincode\main.go:405.61,407.3 1 1
E:\At2plus\tfs-dev-env\fabric\chaincode-court-file-cert\chaincode\main.go:422.104,424.20 1 20
E:\At2plus\tfs-dev-env\fabric\chaincode-court-file-cert\chaincode\main.go:427.2,436.16 7 20
E:\At2plus\tfs-dev-env\fabric\chaincode-court-file-cert\chaincode\main.go:440.2,440.20 1 20
E:\At2plus\tfs-dev-env\fabric\chaincode-court-file-cert\chaincode\main.go:444.2,446.16 2 20
E:\At2plus\tfs-dev-env\fabric\chaincode-court-file-cert\chaincode\main.go:450.2,452.28 2 20
E:\At2plus\tfs-dev-env\fabric\chaincode-court-file-cert\chaincode\main.go:456.2,456.37 1 20
E:\At2plus\tfs-dev-env\fabric\chaincode-court-file-cert\chaincode\main.go:424.20,426.3 1 0
E:\At2plus\tfs-dev-env\fabric\chaincode-court-file-cert\chaincode\main.go:436.16,438.3 1 0
E:\At2plus\tfs-dev-env\fabric\chaincode-court-file-cert\chaincode\main.go:440.20,442.3 1 0
E:\At2plus\tfs-dev-env\fabric\chaincode-court-file-cert\chaincode\main.go:446.16,448.3 1 0
E:\At2plus\tfs-dev-env\fabric\chaincode-court-file-cert\chaincode\main.go:452.28,454.3 1 0
E:\At2plus\tfs-dev-env\fabric\chaincode-court-file-cert\chaincode\main.go:465.107,467.20 1 1
E:\At2plus\tfs-dev-env\fabric\chaincode-court-file-cert\chaincode\main.go:471.2,475.16 3 1
E:\At2plus\tfs-dev-env\fabric\chaincode-court-file-cert\chaincode\main.go:479.2,479.38 1 1
E:\At2plus\tfs-dev-env\fabric\chaincode-court-file-cert\chaincode\main.go:483.2,489.16 3 1
E:\At2plus\tfs-dev-env\fabric\chaincode-court-file-cert\chaincode\main.go:493.2,493.25 1 1
E:\At2plus\tfs-dev-env\fabric\chaincode-court-file-cert\chaincode\main.go:533.2,533.33 1 1
E:\At2plus\tfs-dev-env\fabric\chaincode-court-file-cert\chaincode\main.go:467.20,469.3 1 0
E:\At2plus\tfs-dev-env\fabric\chaincode-court-file-cert\chaincode\main.go:475.16,477.3 1 0
E:\At2plus\tfs-dev-env\fabric\chaincode-court-file-cert\chaincode\main.go:479.38,481.3 1 0
E:\At2plus\tfs-dev-env\fabric\chaincode-court-file-cert\chaincode\main.go:489.16,491.3 1 0
E:\At2plus\tfs-dev-env\fabric\chaincode-court-file-cert\chaincode\main.go:493.25,498.30 3 0
E:\At2plus\tfs-dev-env\fabric\chaincode-court-file-cert\chaincode\main.go:521.3,528.17 6 0
E:\At2plus\tfs-dev-env\fabric\chaincode-court-file-cert\chaincode\main.go:531.3,531.40 1 0
E:\At2plus\tfs-dev-env\fabric\chaincode-court-file-cert\chaincode\main.go:498.30,502.18 2 0
E:\At2plus\tfs-dev-env\fabric\chaincode-court-file-cert\chaincode\main.go:506.4,508.18 2 0
E:\At2plus\tfs-dev-env\fabric\chaincode-court-file-cert\chaincode\main.go:512.4,518.52 7 0
E:\At2plus\tfs-dev-env\fabric\chaincode-court-file-cert\chaincode\main.go:502.18,504.5 1 0
E:\At2plus\tfs-dev-env\fabric\chaincode-court-file-cert\chaincode\main.go:508.18,510.5 1 0
E:\At2plus\tfs-dev-env\fabric\chaincode-court-file-cert\chaincode\main.go:528.17,530.4 1 0
E:\At2plus\tfs-dev-env\fabric\chaincode-court-file-cert\chaincode\main.go:542.103,544.20 1 1
E:\At2plus\tfs-dev-env\fabric\chaincode-court-file-cert\chaincode\main.go:548.2,554.16 4 1
E:\At2plus\tfs-dev-env\fabric\chaincode-court-file-cert\chaincode\main.go:557.2,561.16 4 1
E:\At2plus\tfs-dev-env\fabric\chaincode-court-file-cert\chaincode\main.go:565.2,574.14 6 1
E:\At2plus\tfs-dev-env\fabric\chaincode-court-file-cert\chaincode\main.go:578.2,582.35 3 1
E:\At2plus\tfs-dev-env\fabric\chaincode-court-file-cert\chaincode\main.go:544.20,546.3 1 0
E:\At2plus\tfs-dev-env\fabric\chaincode-court-file-cert\chaincode\main.go:554.16,556.3 1 0
E:\At2plus\tfs-dev-env\fabric\chaincode-court-file-cert\chaincode\main.go:561.16,563.3 1 0
E:\At2plus\tfs-dev-env\fabric\chaincode-court-file-cert\chaincode\main.go:574.14,576.3 1 0
E:\At2plus\tfs-dev-env\fabric\chaincode-court-file-cert\chaincode\main.go:591.102,593.20 1 1
E:\At2plus\tfs-dev-env\fabric\chaincode-court-file-cert\chaincode\main.go:598.2,601.16 3 1
E:\At2plus\tfs-dev-env\fabric\chaincode-court-file-cert\chaincode\main.go:605.2,605.38 1 1
E:\At2plus\tfs-dev-env\fabric\chaincode-court-file-cert\chaincode\main.go:608.2,612.16 3 1
E:\At2plus\tfs-dev-env\fabric\chaincode-court-file-cert\chaincode\main.go:616.2,616.25 1 1
E:\At2plus\tfs-dev-env\fabric\chaincode-court-file-cert\chaincode\main.go:646.2,646.33 1 1
E:\At2plus\tfs-dev-env\fabric\chaincode-court-file-cert\chaincode\main.go:593.20,595.3 1 0
E:\At2plus\tfs-dev-env\fabric\chaincode-court-file-cert\chaincode\main.go:601.16,603.3 1 0
E:\At2plus\tfs-dev-env\fabric\chaincode-court-file-cert\chaincode\main.go:605.38,607.3 1 0
E:\At2plus\tfs-dev-env\fabric\chaincode-court-file-cert\chaincode\main.go:612.16,614.3 1 0
E:\At2plus\tfs-dev-env\fabric\chaincode-court-file-cert\chaincode\main.go:616.25,621.30 4 0
E:\At2plus\tfs-dev-env\fabric\chaincode-court-file-cert\chaincode\main.go:633.3,640.17 6 0
E:\At2plus\tfs-dev-env\fabric\chaincode-court-file-cert\chaincode\main.go:644.3,644.37 1 0
E:\At2plus\tfs-dev-env\fabric\chaincode-court-file-cert\chaincode\main.go:621.30,623.18 2 0
E:\At2plus\tfs-dev-env\fabric\chaincode-court-file-cert\chaincode\main.go:627.4,630.64 3 0
E:\At2plus\tfs-dev-env\fabric\chaincode-court-file-cert\chaincode\main.go:623.18,625.5 1 0
E:\At2plus\tfs-dev-env\fabric\chaincode-court-file-cert\chaincode\main.go:640.17,642.4 1 0
E:\At2plus\tfs-dev-env\fabric\chaincode-court-file-cert\chaincode\main.go:657.119,659.20 1 1
E:\At2plus\tfs-dev-env\fabric\chaincode-court-file-cert\chaincode\main.go:663.2,671.16 6 1
E:\At2plus\tfs-dev-env\fabric\chaincode-court-file-cert\chaincode\main.go:675.2,681.38 4 1
E:\At2plus\tfs-dev-env\fabric\chaincode-court-file-cert\chaincode\main.go:685.2,690.16 4 1
E:\At2plus\tfs-dev-env\fabric\chaincode-court-file-cert\chaincode\main.go:693.2,695.36 2 1
E:\At2plus\tfs-dev-env\fabric\chaincode-court-file-cert\chaincode\main.go:724.2,726.16 2 1
E:\At2plus\tfs-dev-env\fabric\chaincode-court-file-cert\chaincode\main.go:730.2,730.37 1 1
E:\At2plus\tfs-dev-env\fabric\chaincode-court-file-cert\chaincode\main.go:659.20,661.3 1 0
E:\At2plus\tfs-dev-env\fabric\chaincode-court-file-cert\chaincode\main.go:671.16,673.3 1 0
E:\At2plus\tfs-dev-env\fabric\chaincode-court-file-cert\chaincode\main.go:681.38,683.3 1 0
E:\At2plus\tfs-dev-env\fabric\chaincode-court-file-cert\chaincode\main.go:690.16,692.3 1 0
E:\At2plus\tfs-dev-env\fabric\chaincode-court-file-cert\chaincode\main.go:695.36,698.17 2 0
E:\At2plus\tfs-dev-env\fabric\chaincode-court-file-cert\chaincode\main.go:702.3,703.17 2 0
E:\At2plus\tfs-dev-env\fabric\chaincode-court-file-cert\chaincode\main.go:707.3,707.33 1 0
E:\At2plus\tfs-dev-env\fabric\chaincode-court-file-cert\chaincode\main.go:711.3,715.17 3 0
E:\At2plus\tfs-dev-env\fabric\chaincode-court-file-cert\chaincode\main.go:719.3,721.63 2 0
E:\At2plus\tfs-dev-env\fabric\chaincode-court-file-cert\chaincode\main.go:698.17,700.4 1 0
E:\At2plus\tfs-dev-env\fabric\chaincode-court-file-cert\chaincode\main.go:703.17,705.4 1 0
E:\At2plus\tfs-dev-env\fabric\chaincode-court-file-cert\chaincode\main.go:707.33,709.4 1 0
E:\At2plus\tfs-dev-env\fabric\chaincode-court-file-cert\chaincode\main.go:715.17,717.4 1 0
E:\At2plus\tfs-dev-env\fabric\chaincode-court-file-cert\chaincode\main.go:726.16,728.3 1 0
